<?xml version="1.0" encoding="UTF-8"?>
<!-- Generated by org.testng.reporters.JUnitReportReporter -->
<testsuite skipped="0" hostname="LAPTOP-MJBTG76S" name="mavenFramworkCommandPrompt.mavenFramworkCommandPrompt.SheetalTestOne" tests="2" failures="0" timestamp="20 Jun 2020 09:29:03 GMT" time="0.006" errors="0">
  <testcase name="testTwo" time="0.004" classname="mavenFramworkCommandPrompt.mavenFramworkCommandPrompt.SheetalTestOne"/>
  <testcase name="testOne" time="0.002" classname="mavenFramworkCommandPrompt.mavenFramworkCommandPrompt.SheetalTestOne"/>
</testsuite> <!-- mavenFramworkCommandPrompt.mavenFramworkCommandPrompt.SheetalTestOne -->
