<?xml version="1.0" encoding="UTF-8"?>
<!-- Generated by org.testng.reporters.JUnitReportReporter -->
<testsuite skipped="0" hostname="LAPTOP-MJBTG76S" name="mavenFramworkCommandPrompt.mavenFramworkCommandPrompt.Sheetal5" tests="2" failures="0" timestamp="20 Jun 2020 10:05:33 GMT" time="0.007" errors="0">
  <testcase name="testTen" time="0.003" classname="mavenFramworkCommandPrompt.mavenFramworkCommandPrompt.Sheetal5"/>
  <testcase name="testNine" time="0.004" classname="mavenFramworkCommandPrompt.mavenFramworkCommandPrompt.Sheetal5"/>
</testsuite> <!-- mavenFramworkCommandPrompt.mavenFramworkCommandPrompt.Sheetal5 -->
