<?xml version="1.0" encoding="UTF-8"?>
<!-- Generated by org.testng.reporters.JUnitReportReporter -->
<testsuite skipped="0" hostname="LAPTOP-MJBTG76S" name="mavenFramworkCommandPrompt.mavenFramworkCommandPrompt.SheetalTestThree" tests="2" failures="0" timestamp="20 Jun 2020 09:29:03 GMT" time="0.257" errors="0">
  <testcase name="testFive" time="0.253" classname="mavenFramworkCommandPrompt.mavenFramworkCommandPrompt.SheetalTestThree"/>
  <testcase name="testSix" time="0.004" classname="mavenFramworkCommandPrompt.mavenFramworkCommandPrompt.SheetalTestThree"/>
</testsuite> <!-- mavenFramworkCommandPrompt.mavenFramworkCommandPrompt.SheetalTestThree -->
