<?xml version="1.0" encoding="UTF-8"?>
<!-- Generated by org.testng.reporters.JUnitReportReporter -->
<testsuite skipped="0" hostname="LAPTOP-MJBTG76S" name="mavenFramworkCommandPrompt.mavenFramworkCommandPrompt.SheetalTest1" tests="2" failures="0" timestamp="04 Jul 2020 11:05:06 GMT" time="0.013" errors="0">
  <testcase name="testOne" time="0.013" classname="mavenFramworkCommandPrompt.mavenFramworkCommandPrompt.SheetalTest1"/>
  <testcase name="testTwo" time="0.000" classname="mavenFramworkCommandPrompt.mavenFramworkCommandPrompt.SheetalTest1"/>
</testsuite> <!-- mavenFramworkCommandPrompt.mavenFramworkCommandPrompt.SheetalTest1 -->
