<?xml version="1.0" encoding="UTF-8"?>
<!-- Generated by org.testng.reporters.JUnitReportReporter -->
<testsuite skipped="0" hostname="LAPTOP-MJBTG76S" name="mavenFramworkCommandPrompt.mavenFramworkCommandPrompt.SheetalTest4" tests="2" failures="0" timestamp="04 Jul 2020 11:05:06 GMT" time="0.001" errors="0">
  <testcase name="testSeven" time="0.000" classname="mavenFramworkCommandPrompt.mavenFramworkCommandPrompt.SheetalTest4"/>
  <testcase name="testEight" time="0.001" classname="mavenFramworkCommandPrompt.mavenFramworkCommandPrompt.SheetalTest4"/>
</testsuite> <!-- mavenFramworkCommandPrompt.mavenFramworkCommandPrompt.SheetalTest4 -->
