<?xml version="1.0" encoding="UTF-8"?>
<!-- Generated by org.testng.reporters.JUnitReportReporter -->
<testsuite skipped="0" hostname="LAPTOP-MJBTG76S" name="mavenFramworkCommandPrompt.mavenFramworkCommandPrompt.Sheetal5" tests="2" failures="0" timestamp="04 Jul 2020 11:05:06 GMT" time="0.000" errors="0">
  <testcase name="testNine" time="0.000" classname="mavenFramworkCommandPrompt.mavenFramworkCommandPrompt.Sheetal5"/>
  <testcase name="testTen" time="0.000" classname="mavenFramworkCommandPrompt.mavenFramworkCommandPrompt.Sheetal5"/>
</testsuite> <!-- mavenFramworkCommandPrompt.mavenFramworkCommandPrompt.Sheetal5 -->
